mode: set
api/features/book/services/service.go:18.44,23.2 1 0
api/features/book/services/service.go:25.81,27.17 2 0
api/features/book/services/service.go:31.2,32.16 2 0
api/features/book/services/service.go:39.2,40.16 2 0
api/features/book/services/service.go:50.2,50.17 1 0
api/features/book/services/service.go:27.17,29.3 1 0
api/features/book/services/service.go:32.16,33.59 1 0
api/features/book/services/service.go:36.3,36.74 1 0
api/features/book/services/service.go:33.59,35.4 1 0
api/features/book/services/service.go:40.16,42.49 2 0
api/features/book/services/service.go:47.3,47.38 1 0
api/features/book/services/service.go:42.49,44.4 1 0
api/features/book/services/service.go:44.9,46.4 1 0
api/features/book/services/service.go:53.100,55.2 1 0
api/features/user/services/service.go:20.45,25.2 1 1
api/features/user/services/service.go:27.82,28.20 1 1
api/features/user/services/service.go:32.2,33.16 2 1
api/features/user/services/service.go:43.2,43.69 1 1
api/features/user/services/service.go:48.2,55.27 6 1
api/features/user/services/service.go:28.20,30.3 1 0
api/features/user/services/service.go:33.16,35.49 2 1
api/features/user/services/service.go:40.3,40.42 1 1
api/features/user/services/service.go:35.49,37.4 1 1
api/features/user/services/service.go:37.9,39.4 1 0
api/features/user/services/service.go:43.69,46.3 2 1
api/features/user/services/service.go:58.72,61.16 2 0
api/features/user/services/service.go:65.2,68.16 3 0
api/features/user/services/service.go:78.2,78.17 1 0
api/features/user/services/service.go:61.16,64.3 2 0
api/features/user/services/service.go:68.16,70.50 2 0
api/features/user/services/service.go:75.3,75.38 1 0
api/features/user/services/service.go:70.50,72.4 1 0
api/features/user/services/service.go:72.9,74.4 1 0
api/features/user/services/service.go:80.71,82.13 2 1
api/features/user/services/service.go:85.2,86.16 2 1
api/features/user/services/service.go:95.2,95.17 1 1
api/features/user/services/service.go:82.13,84.3 1 1
api/features/user/services/service.go:86.16,88.49 2 1
api/features/user/services/service.go:93.3,93.38 1 1
api/features/user/services/service.go:88.49,90.4 1 1
api/features/user/services/service.go:90.9,92.4 1 1
